Last login: Tue Aug 26 21:09:01 on ttys000
(base) ridhaaahmed@Ridhaas-MacBook-Pro ~ % cd ~/Documents

(base) ridhaaahmed@Ridhaas-MacBook-Pro Documents % ls

~$ April.docx
~$alth and fitness app - project .docx
~$b Application Development and Development.docx
~$b application Development.docx
~$b CV  Latest.docx
~$b Role Identification and Justification.docx
~$cessibility and Usability.docx
~$cture 1 -  Accessibility & Usabality .docx
~$cture 1 notes.docx
~$dhaa_Ahmed_Data_Analyst_CV.docx
~$dividual Accessibility Report_comformance.docx
~$dividual Usability Evaluation and Job identification.docx
~$ek 2 – Introducing Accessibility, Usability and CSS .docx
~$jobcv.doc
~$signment for CC .docx
~$uristic Report .docx
~$V 2025.docx
2023 Assignment 1 database .docx
A Taxomany Of cloud computing.docx
Admin work cv .docx
Ahmed.pem
AirBNB Dataset Connection Notes.docx
Archive.zip
choose_rows_v2c
choose_rows.py
Cloud Computing - Assignment 1 .docx
Cloud Computing - Assignment 2 .docx
Cloud Computing - Assignment 2 .ocx.docx
Cloud Computing - Assignment 2 .ocx.pdf
Cloud Computing Assignment 3 .docx
Cloud Computing Assignment 3 .pdf
clustered_bike_sharing_data.csv
clustered_bike_sharing_run_1.csv
clustered_bike_sharing_run_2.csv
clustered_bike_sharing_run_3.csv
Computer Systems - Assignment 2 Penetrating Testing.docx
Computer Systems - Assignment 2.docx
Cover Letter - admin .docx
Cover letter for marketing role .docx
cover letter LDL.docx
Cover letter voluntary .pdf
Cover letter VS .pdf
Cover_Letter_Data_Analyst.docx
CV - marketing.pdf
cv for marketing role .pdf
cv marketing role .docx
CV_marketing_role .pdf
data_cleaning.py
Data_Mining_Final_report.docx
Data_Mining_final_report.pdf
Data&Mining assignment files
Data&Mining Task 1 explanation .docx
Data&Mining Task 2 K - means .docx
Demo code.docx
Description for ALL 4  the tasks - DM.docx
Description for ALL 4  the tasks - DM.pdf
Dissertation - Final Year Project.docx
Dissertation - Final Year Project.pdf
Dm Task 2 .twb
Dm Task 2 .twbx
DV_Practical_Assignment_1_2024 (1).pdf
employee_analysis.py
employee_analysis.py .txt
employee_performance_dataset.csv
essetial pages for website .docx
Final copy css 3 .docx
Final copy css 3 .pdf
Final report section - data mining .docx
Gantt Chart - project.xlsx
Important notes for disso .docx
Individual Accessibility - Report_comformance.docx
Individual Accessibility - Report_comformance.fld
Individual Accessibility - Report_comformance.html
Introduction to Cloud Computing.docx
jobcv.docx
Kali Linux
kmeans_clustering_v2.py
Main CV .docx
Main CV .pdf
My Tableau Repository
Project Outline Edited .docx
Referances for disso IMPORTANT .docx
Research for Dissertation.docx
Ridhaa _Ahmed_CV_Retail.docx
Ridhaa Ahmed_cv_Admin.docx
Ridhaa Ahmed.docx
Ridhaa_Ahmed_Admin_CV.pdf
Ridhaa_Ahmed_Cover_Letter.pdf
Ridhaa_Ahmed_Data_Analyst_CV.pdf
sampled_bike_sharing_data_3_features.csv
sampled_bike_sharing_data.csv
Screenshot 2025-04-29 at 11.03.56.png
SECOND YEAR - SEMESTER A 
Semester B 
Skincare;homepage.html
split_data.py
Statistical_and_sentiment_analysis_based_on_commen.pdf
statistics 2 .docx
System and Network - lecture notes .docx
task 2 .twb
task3_project
test_data.csv
test_labels.csv
THIRD YEAR - Semester A
train_data.csv
train_labels.csv
Untitled.txt
Virtualization in Cloud Computing- Moving from Hypervisor to Containerization—A Survey.pdf
Website;Skincare 
(base) ridhaaahmed@Ridhaas-MacBook-Pro Documents % python employee_analysis.py

First 5 rows:
  employee_performance_dataset         Unnamed: 1  ...         Unnamed: 7 Unnamed: 8
0                  Employee_ID               Name  ...  Performance_Score    Manager
1                         1001     Nicholas Cohen  ...                3.7      Brown
2                         1002         John Scott  ...                2.6      Brown
3                         1003       Kathy Harmon  ...                4.2     Garcia
4                         1004  Elizabeth Charles  ...                4.8      Smith

[5 rows x 9 columns]

Dataset info:
<class 'pandas.core.frame.DataFrame'>
RangeIndex: 201 entries, 0 to 200
Data columns (total 9 columns):
 #   Column                        Non-Null Count  Dtype 
---  ------                        --------------  ----- 
 0   employee_performance_dataset  201 non-null    object
 1   Unnamed: 1                    201 non-null    object
 2   Unnamed: 2                    201 non-null    object
 3   Unnamed: 3                    201 non-null    object
 4   Unnamed: 4                    201 non-null    object
 5   Unnamed: 5                    201 non-null    object
 6   Unnamed: 6                    201 non-null    object
 7   Unnamed: 7                    201 non-null    object
 8   Unnamed: 8                    201 non-null    object
dtypes: object(9)
memory usage: 14.3+ KB
None
Traceback (most recent call last):
  File "/opt/anaconda3/lib/python3.12/site-packages/pandas/core/indexes/base.py", line 3805, in get_loc
    return self._engine.get_loc(casted_key)
           ^^^^^^^^^^^^^^^^^^^^^^^^^^^^^^^^
  File "index.pyx", line 167, in pandas._libs.index.IndexEngine.get_loc
  File "index.pyx", line 196, in pandas._libs.index.IndexEngine.get_loc
  File "pandas/_libs/hashtable_class_helper.pxi", line 7081, in pandas._libs.hashtable.PyObjectHashTable.get_item
  File "pandas/_libs/hashtable_class_helper.pxi", line 7089, in pandas._libs.hashtable.PyObjectHashTable.get_item
KeyError: 'Attendance_Rate'

The above exception was the direct cause of the following exception:

Traceback (most recent call last):
  File "/Users/ridhaaahmed/Documents/employee_analysis.py", line 17, in <module>
    df["Attendance_Rate"] = pd.to_numeric(df["Attendance_Rate"], errors='coerce')
                                          ~~^^^^^^^^^^^^^^^^^^^
  File "/opt/anaconda3/lib/python3.12/site-packages/pandas/core/frame.py", line 4102, in __getitem__
    indexer = self.columns.get_loc(key)
              ^^^^^^^^^^^^^^^^^^^^^^^^^
  File "/opt/anaconda3/lib/python3.12/site-packages/pandas/core/indexes/base.py", line 3812, in get_loc
    raise KeyError(key) from err
KeyError: 'Attendance_Rate'
(base) ridhaaahmed@Ridhaas-MacBook-Pro Documents % df = pd.read_csv("employee_performance_dataset.csv", header=0)  # first row = header

zsh: number expected
(base) ridhaaahmed@Ridhaas-MacBook-Pro Documents % python

Python 3.12.7 | packaged by Anaconda, Inc. | (main, Oct  4 2024, 08:22:19) [Clang 14.0.6 ] on darwin
Type "help", "copyright", "credits" or "license" for more information.
>>> import pandas as pd
>>> 
>>> df = pd.read_csv("employee_performance_dataset.csv", header=0)
>>> 
>>> df.columns = [
...     "Employee_ID", "Name", "Department", "Hire_Date", 
...     "Salary", "Attendance_Rate", "Projects_Completed", 
...     "Performance_Score", "Manager"
... ]
>>> 
>>> print(df.head())
   Employee_ID               Name  Department   Hire_Date  Salary  Attendance_Rate  Projects_Completed  Performance_Score  Manager
0  Employee_ID               Name  Department   Hire_Date  Salary  Attendance_Rate  Projects_Completed  Performance_Score  Manager
1         1001     Nicholas Cohen          IT  2020-08-03   41876             0.76                  15                3.7    Brown
2         1002         John Scott          HR  2025-04-30   89030             0.96                  17                2.6    Brown
3         1003       Kathy Harmon          IT  2019-06-05   74181             0.63                   4                4.2   Garcia
4         1004  Elizabeth Charles       Sales  2020-09-14   45030             0.95                  10                4.8    Smith
>>> df['Attendance_Rate'] = pd.to_numeric(df['Attendance_Rate'], errors='coerce')
>>> df['Performance_Score'] = pd.to_numeric(df['Performance_Score'], errors='coerce')
>>> 
>>> # Drop any rows where these values are missing
>>> df = df.dropna(subset=['Attendance_Rate', 'Performance_Score'])
>>> 
>>> import matplotlib.pyplot as plt
>>> import seaborn as sns
>>> 
>>> plt.figure(figsize=(8,6))
<Figure size 1600x1200 with 0 Axes>
>>> sns.regplot(x='Attendance_Rate', y='Performance_Score', data=df)
<Axes: xlabel='Attendance_Rate', ylabel='Performance_Score'>
>>> plt.title("Attendance Rate vs Performance Score")
Text(0.5, 1.0, 'Attendance Rate vs Performance Score')
>>> plt.xlabel("Attendance Rate")
Text(0.5, 0, 'Attendance Rate')
>>> plt.ylabel("Performance Score")
Text(0, 0.5, 'Performance Score')
>>> plt.show()
print("\nKey Insights:")
print("- Employees with higher attendance tend to have higher performance scores.")
print("- You can explore which departments perform best or complete most projects.")

2025-08-26 21:29:57.039 python[19121:688478] The class 'NSSavePanel' overrides the method identifier.  This method is implemented by class 'NSWindow'

